configure:6927: result: yes
configure:6955: checking configured server port
configure:6976: result: 3300
configure:7092: checking that generated files are newer than configure
configure:7098: result: done
configure:7133: creating ./config.status

## ---------------------- ##
## Running config.status. ##
## ---------------------- ##

This file was extended by SAMS config.status 1.3.10, which was
generated by GNU Autoconf 2.69.  Invocation command line was

  CONFIG_FILES    = 
  CONFIG_HEADERS  = 
  CONFIG_LINKS    = 
  CONFIG_COMMANDS = 
  $ ./config.status 

on luthien.home

config.status:934: creating Makefile
config.status:934: creating sams.spec
config.status:934: creating sams.desktop
config.status:934: creating manpage.xml
config.status:934: creating CfgTools/Makefile
config.status:934: creating DEFAULT/Makefile
config.status:934: creating HelpFiles/Makefile
config.status:934: creating Matlab/Makefile
config.status:934: creating MSVC/Makefile
config.status:934: creating MSVC/SAMS/Makefile
config.status:934: creating MSVC/SAMS_ng/Makefile
config.status:934: creating debian/Makefile
config.status:934: creating Octave/Makefile
config.status:934: creating Tutorials/Makefile
config.status:934: creating Tutorials/ANFibreModels/Makefile
config.status:934: creating Tutorials/ANFibreModels/ANmodelPSTH/Makefile
config.status:934: creating Tutorials/ANFibreModels/ANspikeStream/Makefile
config.status:934: creating Tutorials/ANFibreModels/ANmodelISIH/Makefile
config.status:934: creating Tutorials/ANFibreModels/ANmodelPeriodH/Makefile
config.status:934: creating Tutorials/AuditoryNerve/Makefile
config.status:934: creating Tutorials/AuditoryPeriphery/Makefile
config.status:934: creating Tutorials/Autocorrelation/Makefile
config.status:934: creating Tutorials/BinauralPitch/Makefile
config.status:934: creating Tutorials/DRNLinputOutput/Makefile
config.status:934: creating Tutorials/GenerateStimulus/Makefile
config.status:934: creating Tutorials/ImpulseResponse/Makefile
config.status:934: creating Tutorials/Loudness/Makefile
config.status:934: creating Tutorials/MeasureIntensity/Makefile
config.status:934: creating Tutorials/Pre-emphasisFilter/Makefile
config.status:934: creating Tutorials/Precedence/Makefile
config.status:934: creating SAMSSetup.h
config.status:1163: executing depfiles commands

## ---------------- ##
## Cache variables. ##
## ---------------- ##

ac_cv_build=x86_64-unknown-linux-gnu
ac_cv_c_compiler_gnu=yes
ac_cv_c_const=yes
ac_cv_cxx_compiler_gnu=yes
ac_cv_env_CCC_set=
ac_cv_env_CCC_value=
ac_cv_env_CC_set=
ac_cv_env_CC_value=
ac_cv_env_CFLAGS_set=
ac_cv_env_CFLAGS_value=
ac_cv_env_CPPFLAGS_set=
ac_cv_env_CPPFLAGS_value=
ac_cv_env_CPP_set=
ac_cv_env_CPP_value=
ac_cv_env_CXXCPP_set=
ac_cv_env_CXXCPP_value=
ac_cv_env_CXXFLAGS_set=
ac_cv_env_CXXFLAGS_value=
ac_cv_env_CXX_set=
ac_cv_env_CXX_value=
ac_cv_env_LDFLAGS_set=
ac_cv_env_LDFLAGS_value=
ac_cv_env_LIBS_set=
ac_cv_env_LIBS_value=
ac_cv_env_XMKMF_set=
ac_cv_env_XMKMF_value=
ac_cv_env_YACC_set=
ac_cv_env_YACC_value=
ac_cv_env_YFLAGS_set=
ac_cv_env_YFLAGS_value=
ac_cv_env_build_alias_set=
ac_cv_env_build_alias_value=
ac_cv_env_host_alias_set=
ac_cv_env_host_alias_value=
ac_cv_env_target_alias_set=
ac_cv_env_target_alias_value=
ac_cv_func__doprnt=no
ac_cv_func_connect=yes
ac_cv_func_gethostbyname=yes
ac_cv_func_remove=yes
ac_cv_func_shmat=yes
ac_cv_func_strstr=yes
ac_cv_func_vprintf=yes
ac_cv_have_x='have_x=yes	ac_x_includes='\'''\''	ac_x_libraries='\'''\'''
ac_cv_header_inttypes_h=yes
ac_cv_header_malloc_h=yes
ac_cv_header_memory_h=yes
ac_cv_header_stdc=yes
ac_cv_header_stdint_h=yes
ac_cv_header_stdlib_h=yes
ac_cv_header_string_h=yes
ac_cv_header_strings_h=yes
ac_cv_header_sys_stat_h=yes
ac_cv_header_sys_types_h=yes
ac_cv_header_unistd_h=yes
ac_cv_host=x86_64-unknown-linux-gnu
ac_cv_lib_ICE_IceConnectionNumber=yes
ac_cv_objext=o
ac_cv_path_EGREP='/usr/bin/grep -E'
ac_cv_path_GREP=/usr/bin/grep
ac_cv_path_install='/usr/bin/install -c'
ac_cv_path_mkdir=/usr/bin/mkdir
ac_cv_prog_AWK=gawk
ac_cv_prog_CPP='gcc -E'
ac_cv_prog_CXXCPP='g++ -E'
ac_cv_prog_YACC='bison -y'
ac_cv_prog_ac_ct_CC=gcc
ac_cv_prog_ac_ct_CXX=g++
ac_cv_prog_cc_c89=
ac_cv_prog_cc_g=yes
ac_cv_prog_cxx_g=yes
ac_cv_prog_make_make_set=yes
ac_cv_struct_tm=time.h
ac_cv_sys_long_file_names=yes
am_cv_CC_dependencies_compiler_type=gcc3
am_cv_CXX_dependencies_compiler_type=gcc3
am_cv_make_support_nested_variables=yes
am_cv_prog_cc_c_o=yes
am_cv_prog_cc_stdc=

## ----------------- ##
## Output variables. ##
## ----------------- ##

ACLOCAL='${SHELL} /home/lowel/git/dsam/Apps/SAMS/CfgTools/missing aclocal-1.15'
AMDEPBACKSLASH='\'
AMDEP_FALSE='#'
AMDEP_TRUE=''
AMTAR='$${TAR-tar}'
AM_BACKSLASH='\'
AM_DEFAULT_V='$(AM_DEFAULT_VERBOSITY)'
AM_DEFAULT_VERBOSITY='1'
AM_V='$(V)'
AUTOCONF='${SHELL} /home/lowel/git/dsam/Apps/SAMS/CfgTools/missing autoconf'
AUTOHEADER='${SHELL} /home/lowel/git/dsam/Apps/SAMS/CfgTools/missing autoheader'
AUTOMAKE='${SHELL} /home/lowel/git/dsam/Apps/SAMS/CfgTools/missing automake-1.15'
AWK='gawk'
CC='gcc'
CCDEPMODE='depmode=gcc3'
CFLAGS='-g -O2'
CPP='gcc -E'
CPPFLAGS=''
CXX='g++'
CXXCPP='g++ -E'
CXXDEPMODE='depmode=gcc3'
CXXFLAGS='-g -O2'
CYGPATH_W='echo'
DEFS='-DHAVE_CONFIG_H'
DEPDIR='.deps'
DSAMGUIINC='-DHAVE_CONFIG_H -DDSAM_VERSION_INT=2008028 -DDSAM_USE_UNICODE=1 -DEXTENSIONS_SUPPORT=1 -fPIC -I/home/lowel/git/dsam/DSAMSrc/Include -I/home/lowel/git/dsam/DSAMSrc/src/MainLib -I/home/lowel/git/dsam/DSAMSrc -I/home/lowel/git/dsam/DSAMSrc/src/MainLib -I/home/lowel/git/dsam/DSAMSrc/src/ExtLib -DUSE_GUI -I/usr/lib64/wx/include/gtk2-unicode-release-2.8 -I/usr/include/wx-2.8 -D_FILE_OFFSET_BITS=64 -D_LARGE_FILES -D__WXGTK__ -pthread'
DSAMGUILDFLAGS='-ldsam_g -L/home/lowel/git/dsam/DSAMSrc/src/MainLib/.libs -L/home/lowel/git/dsam/DSAMSrc/src/GrLib/.libs -L/home/lowel/git/dsam/DSAMSrc/src/ExtLib/.libs -ldsam_ext -ldsam -lportaudio -lsndfile -lfftw3 -lm -pthread -lwx_gtk2u_richtext-2.8 -lwx_gtk2u_aui-2.8 -lwx_gtk2u_xrc-2.8 -lwx_gtk2u_qa-2.8 -lwx_gtk2u_html-2.8 -lwx_gtk2u_adv-2.8 -lwx_gtk2u_core-2.8 -lwx_baseu_xml-2.8 -lwx_baseu_net-2.8 -lwx_baseu-2.8 -pthread -lwx_gtk2u_ogl-2.8 -lwx_baseu-2.8'
DSAMINC='-DHAVE_CONFIG_H -DDSAM_VERSION_INT=2008028 -DDSAM_USE_UNICODE=1 -DEXTENSIONS_SUPPORT=1 -fPIC -I/home/lowel/git/dsam/DSAMSrc/Include -I/home/lowel/git/dsam/DSAMSrc/src/MainLib -I/home/lowel/git/dsam/DSAMSrc -I/home/lowel/git/dsam/DSAMSrc/src/MainLib -I/home/lowel/git/dsam/DSAMSrc/src/ExtLib -I/usr/lib64/wx/include/gtk2-unicode-release-2.8 -I/usr/include/wx-2.8 -D_FILE_OFFSET_BITS=64 -D_LARGE_FILES -D__WXGTK__ -DwxUSE_GUI=0 -pthread'
DSAMLDFLAGS='-L/home/lowel/git/dsam/DSAMSrc/src/MainLib/.libs -L/home/lowel/git/dsam/DSAMSrc/src/GrLib/.libs -L/home/lowel/git/dsam/DSAMSrc/src/ExtLib/.libs -ldsam_ext -ldsam -lportaudio -lsndfile -lfftw3 -lm -lm -pthread -lwx_baseu-2.8 -lwx_baseu_net-2.8 -lwx_baseu_xml-2.8'
ECHO_C=''
ECHO_N='-n'
ECHO_T=''
EGREP='/usr/bin/grep -E'
EXEEXT=''
GREP='/usr/bin/grep'
INSTALL_DATA='${INSTALL} -m 644'
INSTALL_PROGRAM='${INSTALL}'
INSTALL_SCRIPT='${INSTALL}'
INSTALL_STRIP_PROGRAM='$(install_sh) -c -s'
LDFLAGS=''
LIBOBJS=''
LIBS=''
LN_S='ln -s'
LTLIBOBJS=''
MAINT='#'
MAINTAINER_MODE_FALSE=''
MAINTAINER_MODE_TRUE='#'
MAKEINFO='${SHELL} /home/lowel/git/dsam/Apps/SAMS/CfgTools/missing makeinfo'
MINGW32=''
MKDIR_P='/usr/bin/mkdir -p'
OBJEXT='o'
PACKAGE='sams'
PACKAGE_BUGREPORT=''
PACKAGE_NAME='SAMS'
PACKAGE_STRING='SAMS 1.3.10'
PACKAGE_TARNAME='sams'
PACKAGE_URL=''
PACKAGE_VERSION='1.3.10'
PATH_SEPARATOR=':'
RESCOMP='windres'
RESFLAGS=''
RPM_AGE='0'
RPM_RELEASE='.'
SAMS='sams'
SAMSRESOBJ=''
SAMS_PACKAGE='sams'
SERVER_PORT='3300'
SET_MAKE=''
SHELL='/bin/sh'
STRIP=''
VERSION='1.3.10'
XMKMF=''
X_CFLAGS=''
X_EXTRA_LIBS=''
X_LIBS=''
X_PRE_LIBS=' -lSM -lICE'
YACC='bison -y'
YFLAGS=''
ac_ct_CC='gcc'
ac_ct_CXX='g++'
am__EXEEXT_FALSE=''
am__EXEEXT_TRUE='#'
am__fastdepCC_FALSE='#'
am__fastdepCC_TRUE=''
am__fastdepCXX_FALSE='#'
am__fastdepCXX_TRUE=''
am__include='include'
am__isrc=''
am__leading_dot='.'
am__nodep='_no'
am__quote=''
am__tar='$${TAR-tar} chof - "$$tardir"'
am__untar='$${TAR-tar} xf -'
bindir='${exec_prefix}/bin'
build='x86_64-unknown-linux-gnu'
build_alias=''
build_cpu='x86_64'
build_os='linux-gnu'
build_vendor='unknown'
datadir='${datarootdir}'
datarootdir='${prefix}/share'
docdir='${datarootdir}/doc/${PACKAGE_TARNAME}'
dvidir='${docdir}'
exec_prefix='${prefix}'
host='x86_64-unknown-linux-gnu'
host_alias=''
host_cpu='x86_64'
host_os='linux-gnu'
host_vendor='unknown'
htmldir='${docdir}'
includedir='${prefix}/include'
infodir='${datarootdir}/info'
install_sh='${SHELL} /home/lowel/git/dsam/Apps/SAMS/CfgTools/install-sh'
libdir='${exec_prefix}/lib'
libexecdir='${exec_prefix}/libexec'
localedir='${datarootdir}/locale'
localstatedir='${prefix}/var'
mandir='${datarootdir}/man'
mkdir_p='$(MKDIR_P)'
oldincludedir='/usr/include'
pdfdir='${docdir}'
prefix='/usr/local'
program_transform_name='s,x,x,'
psdir='${docdir}'
sbindir='${exec_prefix}/sbin'
sharedstatedir='${prefix}/com'
sysconfdir='${prefix}/etc'
target_alias=''

## ----------- ##
## confdefs.h. ##
## ----------- ##

/* confdefs.h */
#define PACKAGE_NAME "SAMS"
#define PACKAGE_TARNAME "sams"
#define PACKAGE_VERSION "1.3.10"
#define PACKAGE_STRING "SAMS 1.3.10"
#define PACKAGE_BUGREPORT ""
#define PACKAGE_URL ""
#define SAMS_VERSION wxT("1.3.10")
#define SAMS_PACKAGE "sams"
#define PACKAGE "sams"
#define VERSION "1.3.10"
#define HAVE_LONG_FILE_NAMES 1
#define STDC_HEADERS 1
#define HAVE_SYS_TYPES_H 1
#define HAVE_SYS_STAT_H 1
#define HAVE_STDLIB_H 1
#define HAVE_STRING_H 1
#define HAVE_MEMORY_H 1
#define HAVE_STRINGS_H 1
#define HAVE_INTTYPES_H 1
#define HAVE_STDINT_H 1
#define HAVE_UNISTD_H 1
#define HAVE_MALLOC_H 1
#define HAVE_VPRINTF 1
#define HAVE_STRSTR 1

configure: exit 0
