configure:18667: result: yes
configure:18684: checking for wxWidgets OGL support
configure:18721: g++ -o conftest -DHAVE_CONFIG_H -DUSE_WX_OGL=1 -I/usr/include -I/usr/lib64/wx/include/gtk3-unicode-3.0 -I/usr/include/wx-3.0 -D_FILE_OFFSET_BITS=64 -DWXUSINGDLL -D__WXGTK__ -pthread -fPIC -DPIC   conftest.cpp -L/usr/lib64 -logl3-2.4.2 -pthread   -lwx_gtk3u_html-3.0 -lwx_gtk3u_adv-3.0 -lwx_gtk3u_core-3.0 -lwx_baseu-3.0 -lwx_baseu_net-3.0 -lwx_baseu_xml-3.0  >&5
configure:18721: $? = 0
configure:18733: result: yes
configure:18796: checking for pkg-config
configure:18814: found /usr/bin/pkg-config
configure:18826: result: /usr/bin/pkg-config
configure:18851: checking pkg-config is at least version 0.9.0
configure:18854: result: yes
configure:18864: checking for PORTAUDIO
configure:18871: $PKG_CONFIG --exists --print-errors "portaudio-2.0 >= 19"
configure:18874: $? = 0
configure:18888: $PKG_CONFIG --exists --print-errors "portaudio-2.0 >= 19"
configure:18891: $? = 0
configure:18929: result: yes
configure:18946: checking for SNDFILE
configure:18953: $PKG_CONFIG --exists --print-errors "sndfile >= 1.0.2"
configure:18956: $? = 0
configure:18970: $PKG_CONFIG --exists --print-errors "sndfile >= 1.0.2"
configure:18973: $? = 0
configure:19011: result: yes
configure:19034: checking for FFTW3
configure:19041: $PKG_CONFIG --exists --print-errors "$FFTW3LIB >= 3.0.0"
configure:19044: $? = 0
configure:19058: $PKG_CONFIG --exists --print-errors "$FFTW3LIB >= 3.0.0"
configure:19061: $? = 0
configure:19099: result: yes
configure:19263: checking for C++ compiler version
configure:19272: g++ --version >&5
g++ (GCC) 6.3.1 20161221 (Red Hat 6.3.1-1)
Copyright (C) 2016 Free Software Foundation, Inc.
This is free software; see the source for copying conditions.  There is NO
warranty; not even for MERCHANTABILITY or FITNESS FOR A PARTICULAR PURPOSE.

configure:19283: $? = 0
configure:19272: g++ -v >&5
Using built-in specs.
COLLECT_GCC=g++
COLLECT_LTO_WRAPPER=/usr/libexec/gcc/x86_64-redhat-linux/6.3.1/lto-wrapper
Target: x86_64-redhat-linux
Configured with: ../configure --enable-bootstrap --enable-languages=c,c++,objc,obj-c++,fortran,ada,go,lto --prefix=/usr --mandir=/usr/share/man --infodir=/usr/share/info --with-bugurl=http://bugzilla.redhat.com/bugzilla --enable-shared --enable-threads=posix --enable-checking=release --enable-multilib --with-system-zlib --enable-__cxa_atexit --disable-libunwind-exceptions --enable-gnu-unique-object --enable-linker-build-id --with-linker-hash-style=gnu --enable-plugin --enable-initfini-array --disable-libgcj --with-isl --enable-libmpx --enable-gnu-indirect-function --with-tune=generic --with-arch_32=i686 --build=x86_64-redhat-linux
Thread model: posix
gcc version 6.3.1 20161221 (Red Hat 6.3.1-1) (GCC) 
configure:19283: $? = 0
configure:19272: g++ -V >&5
g++: error: unrecognized command line option '-V'
g++: fatal error: no input files
compilation terminated.
configure:19283: $? = 1
configure:19272: g++ -qversion >&5
g++: error: unrecognized command line option '-qversion'; did you mean '--version'?
g++: fatal error: no input files
compilation terminated.
configure:19283: $? = 1
configure:19287: checking whether we are using the GNU C++ compiler
configure:19315: result: yes
configure:19324: checking whether g++ accepts -g
configure:19385: result: yes
configure:19410: checking dependency style of g++
configure:19521: result: gcc3
configure:19541: checking how to run the C++ preprocessor
configure:19607: result: g++ -E
configure:19627: g++ -E  conftest.cpp
configure:19627: $? = 0
configure:19641: g++ -E  conftest.cpp
conftest.cpp:34:28: fatal error: ac_nonexistent.h: No such file or directory
 #include <ac_nonexistent.h>
                            ^
compilation terminated.
configure:19641: $? = 1
configure: failed program was:
| /* confdefs.h */
| #define PACKAGE_NAME "DSAM"
| #define PACKAGE_TARNAME "dsam"
| #define PACKAGE_VERSION "2.8.47"
| #define PACKAGE_STRING "DSAM 2.8.47"
| #define PACKAGE_BUGREPORT ""
| #define PACKAGE_URL ""
| #define DSAM_VERSION wxT("2.8.47")
| #define DSAM_VERSION_INT 2008047
| #define DSAM_PACKAGE wxT("dsam")
| #define PACKAGE "dsam"
| #define VERSION "2.8.47"
| #define STDC_HEADERS 1
| #define HAVE_SYS_TYPES_H 1
| #define HAVE_SYS_STAT_H 1
| #define HAVE_STDLIB_H 1
| #define HAVE_STRING_H 1
| #define HAVE_MEMORY_H 1
| #define HAVE_STRINGS_H 1
| #define HAVE_INTTYPES_H 1
| #define HAVE_STDINT_H 1
| #define HAVE_UNISTD_H 1
| #define HAVE_DLFCN_H 1
| #define LT_OBJDIR ".libs/"
| #define SIZEOF_LONG 8
| #define STDC_HEADERS 1
| #define HAVE_VPRINTF 1
| #define HAVE_STRSTR 1
| #define HAVE_PORTAUDIO 1
| #define HAVE_SNDFILE 1
| #define HAVE_FFTW3 1
| #define DSAM_USE_UNICODE 1
| /* end confdefs.h.  */
| #include <ac_nonexistent.h>
configure:19768: checking for long file names
configure:19800: result: yes
configure:19935: checking that generated files are newer than configure
configure:19941: result: done
configure:20008: creating ./config.status

## ---------------------- ##
## Running config.status. ##
## ---------------------- ##

This file was extended by DSAM config.status 2.8.47, which was
generated by GNU Autoconf 2.69.  Invocation command line was

  CONFIG_FILES    = 
  CONFIG_HEADERS  = 
  CONFIG_LINKS    = 
  CONFIG_COMMANDS = 
  $ ./config.status 

on luthien

config.status:1246: creating dsam.spec
config.status:1246: creating manpage.xml
config.status:1246: creating CfgTools/Makefile
config.status:1246: creating Makefile
config.status:1246: creating Include/Makefile
config.status:1246: creating src/Makefile
config.status:1246: creating src/MainLib/Makefile
config.status:1246: creating src/ExtLib/Makefile
config.status:1246: creating src/GrLib/Makefile
config.status:1246: creating src/GrLib/Bitmaps/Makefile
config.status:1246: creating ModuleSpecs/Makefile
config.status:1246: creating Examples/Makefile
config.status:1246: creating dsam-config
config.status:1246: creating MSVC/Makefile
config.status:1246: creating MSVC/DSAM/Makefile
config.status:1246: creating MSVC/DSAM_ext/Makefile
config.status:1246: creating MSVC/DSAM_g/Makefile
config.status:1246: creating NSIS/Makefile
config.status:1246: creating debian/Makefile
config.status:1246: creating DSAMSetup.h
config.status:1475: executing depfiles commands
config.status:1475: executing libtool commands

## ---------------- ##
## Cache variables. ##
## ---------------- ##

ac_cv_build=x86_64-unknown-linux-gnu
ac_cv_c_compiler_gnu=yes
ac_cv_c_const=yes
ac_cv_cxx_compiler_gnu=yes
ac_cv_env_CCC_set=
ac_cv_env_CCC_value=
ac_cv_env_CC_set=
ac_cv_env_CC_value=
ac_cv_env_CFLAGS_set=
ac_cv_env_CFLAGS_value=
ac_cv_env_CPPFLAGS_set=
ac_cv_env_CPPFLAGS_value=
ac_cv_env_CPP_set=
ac_cv_env_CPP_value=
ac_cv_env_CXXCPP_set=
ac_cv_env_CXXCPP_value=
ac_cv_env_CXXFLAGS_set=
ac_cv_env_CXXFLAGS_value=
ac_cv_env_CXX_set=
ac_cv_env_CXX_value=
ac_cv_env_FFTW3_CFLAGS_set=
ac_cv_env_FFTW3_CFLAGS_value=
ac_cv_env_FFTW3_LIBS_set=
ac_cv_env_FFTW3_LIBS_value=
ac_cv_env_LDFLAGS_set=
ac_cv_env_LDFLAGS_value=
ac_cv_env_LIBS_set=
ac_cv_env_LIBS_value=
ac_cv_env_LT_SYS_LIBRARY_PATH_set=
ac_cv_env_LT_SYS_LIBRARY_PATH_value=
ac_cv_env_PKG_CONFIG_LIBDIR_set=
ac_cv_env_PKG_CONFIG_LIBDIR_value=
ac_cv_env_PKG_CONFIG_PATH_set=set
ac_cv_env_PKG_CONFIG_PATH_value=:/usr/local/lib/pkgconfig:/usr/local/lib64/pkgconfig
ac_cv_env_PKG_CONFIG_set=
ac_cv_env_PKG_CONFIG_value=
ac_cv_env_PORTAUDIO_CFLAGS_set=
ac_cv_env_PORTAUDIO_CFLAGS_value=
ac_cv_env_PORTAUDIO_LIBS_set=
ac_cv_env_PORTAUDIO_LIBS_value=
ac_cv_env_SNDFILE_CFLAGS_set=
ac_cv_env_SNDFILE_CFLAGS_value=
ac_cv_env_SNDFILE_LIBS_set=
ac_cv_env_SNDFILE_LIBS_value=
ac_cv_env_XMKMF_set=
ac_cv_env_XMKMF_value=
ac_cv_env_YACC_set=
ac_cv_env_YACC_value=
ac_cv_env_YFLAGS_set=
ac_cv_env_YFLAGS_value=
ac_cv_env_build_alias_set=
ac_cv_env_build_alias_value=
ac_cv_env_host_alias_set=
ac_cv_env_host_alias_value=
ac_cv_env_target_alias_set=
ac_cv_env_target_alias_value=
ac_cv_fftw3=1
ac_cv_func__doprnt=no
ac_cv_func_connect=yes
ac_cv_func_gethostbyname=yes
ac_cv_func_remove=yes
ac_cv_func_shmat=yes
ac_cv_func_strstr=yes
ac_cv_func_vprintf=yes
ac_cv_have_x='have_x=yes	ac_x_includes='\'''\''	ac_x_libraries='\'''\'''
ac_cv_header_dlfcn_h=yes
ac_cv_header_dummy=no
ac_cv_header_gawk=no
ac_cv_header_inttypes_h=yes
ac_cv_header_memory_h=yes
ac_cv_header_stdc=yes
ac_cv_header_stdint_h=yes
ac_cv_header_stdlib_h=yes
ac_cv_header_string_h=yes
ac_cv_header_strings_h=yes
ac_cv_header_sys_stat_h=yes
ac_cv_header_sys_types_h=yes
ac_cv_header_unistd_h=yes
ac_cv_host=x86_64-unknown-linux-gnu
ac_cv_lib_ICE_IceConnectionNumber=no
ac_cv_objext=o
ac_cv_path_EGREP='/usr/bin/grep -E'
ac_cv_path_FGREP='/usr/bin/grep -F'
ac_cv_path_GREP=/usr/bin/grep
ac_cv_path_SED=/usr/bin/sed
ac_cv_path_ac_pt_PKG_CONFIG=/usr/bin/pkg-config
ac_cv_path_install='/usr/bin/install -c'
ac_cv_path_lt_DD=/usr/bin/dd
ac_cv_path_mkdir=/usr/bin/mkdir
ac_cv_portaudio=1
ac_cv_prog_AWK=gawk
ac_cv_prog_CPP='gcc -E'
ac_cv_prog_CXXCPP='g++ -E'
ac_cv_prog_YACC='bison -y'
ac_cv_prog_ac_ct_AR=ar
ac_cv_prog_ac_ct_CC=gcc
ac_cv_prog_ac_ct_CXX=g++
ac_cv_prog_ac_ct_OBJDUMP=objdump
ac_cv_prog_ac_ct_RANLIB=ranlib
ac_cv_prog_ac_ct_STRIP=strip
ac_cv_prog_cc_c89=
ac_cv_prog_cc_g=yes
ac_cv_prog_cxx_g=yes
ac_cv_prog_make_make_set=yes
ac_cv_sizeof_long=8
ac_cv_sndfile=1
ac_cv_struct_tm=time.h
ac_cv_sys_long_file_names=yes
ac_cv_target=x86_64-unknown-linux-gnu
ac_cv_type_int16=no
ac_cv_type_int32=no
am_cv_CC_dependencies_compiler_type=gcc3
am_cv_CXX_dependencies_compiler_type=gcc3
am_cv_make_support_nested_variables=yes
am_cv_prog_cc_c_o=yes
am_cv_prog_cc_stdc=
lt_cv_ar_at_file=@
lt_cv_deplibs_check_method=pass_all
lt_cv_file_magic_cmd='$MAGIC_CMD'
lt_cv_file_magic_test_file=
lt_cv_ld_reload_flag=-r
lt_cv_nm_interface='BSD nm'
lt_cv_objdir=.libs
lt_cv_path_LD=/usr/bin/ld
lt_cv_path_LDCXX='/usr/bin/ld -m elf_x86_64'
lt_cv_path_NM='/usr/bin/nm -B'
lt_cv_path_mainfest_tool=no
lt_cv_prog_compiler_c_o=yes
lt_cv_prog_compiler_c_o_CXX=yes
lt_cv_prog_compiler_pic='-fPIC -DPIC'
lt_cv_prog_compiler_pic_CXX='-fPIC -DPIC'
lt_cv_prog_compiler_pic_works=yes
lt_cv_prog_compiler_pic_works_CXX=yes
lt_cv_prog_compiler_rtti_exceptions=no
lt_cv_prog_compiler_static_works=no
lt_cv_prog_compiler_static_works_CXX=no
lt_cv_prog_gnu_ld=yes
lt_cv_prog_gnu_ldcxx=yes
lt_cv_sharedlib_from_linklib_cmd='printf %s\n'
lt_cv_shlibpath_overrides_runpath=no
lt_cv_sys_global_symbol_pipe='sed -n -e '\''s/^.*[	 ]\([ABCDGIRSTW][ABCDGIRSTW]*\)[	 ][	 ]*\([_A-Za-z][_A-Za-z0-9]*\)$/\1 \2 \2/p'\'' | sed '\''/ __gnu_lto/d'\'''
lt_cv_sys_global_symbol_to_c_name_address='sed -n -e '\''s/^: \(.*\) .*$/  {"\1", (void *) 0},/p'\'' -e '\''s/^[ABCDGIRSTW][ABCDGIRSTW]* .* \(.*\)$/  {"\1", (void *) \&\1},/p'\'''
lt_cv_sys_global_symbol_to_c_name_address_lib_prefix='sed -n -e '\''s/^: \(.*\) .*$/  {"\1", (void *) 0},/p'\'' -e '\''s/^[ABCDGIRSTW][ABCDGIRSTW]* .* \(lib.*\)$/  {"\1", (void *) \&\1},/p'\'' -e '\''s/^[ABCDGIRSTW][ABCDGIRSTW]* .* \(.*\)$/  {"lib\1", (void *) \&\1},/p'\'''
lt_cv_sys_global_symbol_to_cdecl='sed -n -e '\''s/^T .* \(.*\)$/extern int \1();/p'\'' -e '\''s/^[ABCDGIRSTW][ABCDGIRSTW]* .* \(.*\)$/extern char \1;/p'\'''
lt_cv_sys_global_symbol_to_import=
lt_cv_sys_max_cmd_len=1572864
lt_cv_to_host_file_cmd=func_convert_file_noop
lt_cv_to_tool_file_cmd=func_convert_file_noop
lt_cv_truncate_bin='/usr/bin/dd bs=4096 count=1'
pkg_cv_FFTW3_CFLAGS=
pkg_cv_FFTW3_LIBS=-lfftw3
pkg_cv_PORTAUDIO_CFLAGS='-pthread -I/usr/include/alsa'
pkg_cv_PORTAUDIO_LIBS='-lportaudio -lasound -lm -lpthread -lasound'
pkg_cv_SNDFILE_CFLAGS=
pkg_cv_SNDFILE_LIBS=-lsndfile

## ----------------- ##
## Output variables. ##
## ----------------- ##

ACLOCAL='${SHELL} /home/lowel/git/dsam/DSAMSrc/CfgTools/missing aclocal-1.15'
AMDEPBACKSLASH='\'
AMDEP_FALSE='#'
AMDEP_TRUE=''
AMTAR='$${TAR-tar}'
AM_BACKSLASH='\'
AM_DEFAULT_V='$(AM_DEFAULT_VERBOSITY)'
AM_DEFAULT_VERBOSITY='1'
AM_V='$(V)'
AR='ar'
AUTOCONF='${SHELL} /home/lowel/git/dsam/DSAMSrc/CfgTools/missing autoconf'
AUTOHEADER='${SHELL} /home/lowel/git/dsam/DSAMSrc/CfgTools/missing autoheader'
AUTOMAKE='${SHELL} /home/lowel/git/dsam/DSAMSrc/CfgTools/missing automake-1.15'
AWK='gawk'
CC='gcc'
CCDEPMODE='depmode=gcc3'
CFLAGS='-g -O2'
CPP='gcc -E'
CPPFLAGS=''
CXX='g++'
CXXCPP='g++ -E'
CXXDEPMODE='depmode=gcc3'
CXXFLAGS='-g -O2'
CYGPATH_W='echo'
DEFS='-DHAVE_CONFIG_H'
DEPDIR='.deps'
DLLTOOL='false'
DMALLOC_FALSE=''
DMALLOC_TRUE='#'
DSAMEXTLIB='-ldsam_ext'
DSAM_BINARY_AGE='47'
DSAM_DEFS=' -DDSAM_VERSION_INT=2008047   -DDSAM_USE_UNICODE=1 -DEXTENSIONS_SUPPORT=1 -fPIC -DPIC'
DSAM_EXTENSIONS_FALSE='#'
DSAM_EXTENSIONS_TRUE=''
DSAM_GRAPHICS='-DGRAPHICS_SUPPORT'
DSAM_GRAPHICS_FALSE='#'
DSAM_GRAPHICS_TRUE=''
DSAM_INTERFACE_AGE='47'
DSAM_MAJOR_VERSION='2'
DSAM_MICRO_VERSION='47'
DSAM_MINOR_VERSION='8'
DSAM_MPI=''
DSAM_PACKAGE='dsam'
DSAM_RPM_AGE='1'
DSAM_USE_FLOAT_FALSE=''
DSAM_USE_FLOAT_TRUE='#'
DSAM_USE_UNICODE_FALSE='#'
DSAM_USE_UNICODE_TRUE=''
DSYMUTIL=''
DUMPBIN=''
ECHO_C=''
ECHO_N='-n'
ECHO_T=''
EGREP='/usr/bin/grep -E'
EXEEXT=''
FFTW3_CFLAGS=''
FFTW3_LIBS='-lfftw3'
FGREP='/usr/bin/grep -F'
GREP='/usr/bin/grep'
GR_LIB=''
INSTALL_DATA='${INSTALL} -m 644'
INSTALL_PROGRAM='${INSTALL}'
INSTALL_SCRIPT='${INSTALL}'
INSTALL_STRIP_PROGRAM='$(install_sh) -c -s'
LD='/usr/bin/ld -m elf_x86_64'
LDFLAGS=''
LIBDSAM=''
LIBDSAMM=''
LIBOBJS=''
LIBS=''
LIBTOOL='$(SHELL) $(top_builddir)/libtool'
LIBTOOL_DEPS='CfgTools/ltmain.sh'
LIPO=''
LN_S='ln -s'
LTLIBOBJS=''
LT_AGE='0'
LT_CURRENT='0'
LT_RELEASE='2.8'
LT_REVISION='47'
LT_SYS_LIBRARY_PATH=''
MAINT='#'
MAINTAINER_MODE_FALSE=''
MAINTAINER_MODE_TRUE='#'
MAKEINFO='${SHELL} /home/lowel/git/dsam/DSAMSrc/CfgTools/missing makeinfo'
MANIFEST_TOOL=':'
MINGW32=''
MKDIR_P='/usr/bin/mkdir -p'
MPI_FALSE=''
MPI_TRUE='#'
NM='/usr/bin/nm -B'
NMEDIT=''
OBJDUMP='objdump'
OBJEXT='o'
OTOOL64=''
OTOOL=''
PACKAGE='dsam'
PACKAGE_BUGREPORT=''
PACKAGE_NAME='DSAM'
PACKAGE_STRING='DSAM 2.8.47'
PACKAGE_TARNAME='dsam'
PACKAGE_URL=''
PACKAGE_VERSION='2.8.47'
PATH_SEPARATOR=':'
PAWORKER1M=''
PKG_CONFIG='/usr/bin/pkg-config'
PKG_CONFIG_LIBDIR=''
PKG_CONFIG_PATH=':/usr/local/lib/pkgconfig:/usr/local/lib64/pkgconfig'
PORTAUDIO_CFLAGS='-pthread -I/usr/include/alsa'
PORTAUDIO_LIBS='-lportaudio -lasound -lm -lpthread -lasound'
RANLIB='ranlib'
RPM_AGE='1'
SED='/usr/bin/sed'
SET_MAKE=''
SHELL='/bin/sh'
SNDFILE_CFLAGS=''
SNDFILE_LIBS='-lsndfile'
STRIP='strip'
USE_PORTAUDIO_FALSE=''
USE_PORTAUDIO_TRUE='#'
VERSION='2.8.47'
WXINC='-I/usr/lib64/wx/include/gtk3-unicode-3.0 -I/usr/include/wx-3.0 -D_FILE_OFFSET_BITS=64 -DWXUSINGDLL -D__WXGTK__ -pthread '
WXLDLIBS='-pthread   -lwx_gtk3u_html-3.0 -lwx_gtk3u_adv-3.0 -lwx_gtk3u_core-3.0 -lwx_baseu-3.0 -lwx_baseu_net-3.0 -lwx_baseu_xml-3.0 '
WXOGLLIBS='-L/usr/lib64 -logl3-2.4.2 -pthread   -lwx_gtk3u_html-3.0 -lwx_gtk3u_adv-3.0 -lwx_gtk3u_core-3.0 -lwx_baseu-3.0 -lwx_baseu_net-3.0 -lwx_baseu_xml-3.0 '
WXRESFLAGS='--include-dir /usr/include       --include-dir /usr//include'
WX_BASE_CXXFLAGS='-I/usr/lib64/wx/include/gtk3-unicode-3.0 -I/usr/include/wx-3.0 -D_FILE_OFFSET_BITS=64 -DWXUSINGDLL -D__WXGTK__ -DwxUSE_GUI=0 -pthread'
WX_BASE_LIBS='-pthread   -lwx_baseu-3.0 -lwx_baseu_net-3.0 -lwx_baseu_xml-3.0 '
XINCLUDE=''
XMKMF=''
X_CFLAGS=''
X_EXTRA_LIBS=''
X_LIBS=''
X_PRE_LIBS=''
YACC='bison -y'
YFLAGS=''
ac_ct_AR='ar'
ac_ct_CC='gcc'
ac_ct_CXX='g++'
ac_ct_DUMPBIN=''
am__EXEEXT_FALSE=''
am__EXEEXT_TRUE='#'
am__fastdepCC_FALSE='#'
am__fastdepCC_TRUE=''
am__fastdepCXX_FALSE='#'
am__fastdepCXX_TRUE=''
am__include='include'
am__isrc=''
am__leading_dot='.'
am__nodep='_no'
am__quote=''
am__tar='$${TAR-tar} chof - "$$tardir"'
am__untar='$${TAR-tar} xf -'
bindir='${exec_prefix}/bin'
build='x86_64-unknown-linux-gnu'
build_alias=''
build_cpu='x86_64'
build_os='linux-gnu'
build_vendor='unknown'
datadir='${datarootdir}'
datarootdir='${prefix}/share'
docdir='${datarootdir}/doc/${PACKAGE_TARNAME}'
dvidir='${docdir}'
exec_prefix='${prefix}'
host='x86_64-unknown-linux-gnu'
host_alias=''
host_cpu='x86_64'
host_os='linux-gnu'
host_vendor='unknown'
htmldir='${docdir}'
includedir='${prefix}/include'
infodir='${datarootdir}/info'
install_sh='${SHELL} /home/lowel/git/dsam/DSAMSrc/CfgTools/install-sh'
libdir='${exec_prefix}/lib'
libexecdir='${exec_prefix}/libexec'
localedir='${datarootdir}/locale'
localstatedir='${prefix}/var'
mandir='${datarootdir}/man'
mkdir_p='$(MKDIR_P)'
oldincludedir='/usr/include'
pdfdir='${docdir}'
prefix='/usr/local'
program_transform_name='s,x,x,'
psdir='${docdir}'
sbindir='${exec_prefix}/sbin'
sharedstatedir='${prefix}/com'
sysconfdir='${prefix}/etc'
target='x86_64-unknown-linux-gnu'
target_alias=''
target_cpu='x86_64'
target_os='linux-gnu'
target_vendor='unknown'

## ----------- ##
## confdefs.h. ##
## ----------- ##

/* confdefs.h */
#define PACKAGE_NAME "DSAM"
#define PACKAGE_TARNAME "dsam"
#define PACKAGE_VERSION "2.8.47"
#define PACKAGE_STRING "DSAM 2.8.47"
#define PACKAGE_BUGREPORT ""
#define PACKAGE_URL ""
#define DSAM_VERSION wxT("2.8.47")
#define DSAM_VERSION_INT 2008047
#define DSAM_PACKAGE wxT("dsam")
#define PACKAGE "dsam"
#define VERSION "2.8.47"
#define STDC_HEADERS 1
#define HAVE_SYS_TYPES_H 1
#define HAVE_SYS_STAT_H 1
#define HAVE_STDLIB_H 1
#define HAVE_STRING_H 1
#define HAVE_MEMORY_H 1
#define HAVE_STRINGS_H 1
#define HAVE_INTTYPES_H 1
#define HAVE_STDINT_H 1
#define HAVE_UNISTD_H 1
#define HAVE_DLFCN_H 1
#define LT_OBJDIR ".libs/"
#define SIZEOF_LONG 8
#define STDC_HEADERS 1
#define HAVE_VPRINTF 1
#define HAVE_STRSTR 1
#define HAVE_PORTAUDIO 1
#define HAVE_SNDFILE 1
#define HAVE_FFTW3 1
#define DSAM_USE_UNICODE 1
#define USE_EXTENSIONS_LIBRARY 1
#define USE_WX_OGL 1
#define GRAPHICS_SUPPORT 1
#define HAVE_LONG_FILE_NAMES 1

configure: exit 0
