configure:20516: result: yes
configure:20529: checking Octave Development environment (mkoctfile)
configure:20537: result: yes
configure:20543: checking Matlab Development environment (mex)
/home/lowel/git/dsam/Apps/RunDSAMSim/configure: line 20545: mex: command not found
configure:20551: result: no
configure:21000: checking that generated files are newer than configure
configure:21006: result: done
configure:21069: creating ./config.status

## ---------------------- ##
## Running config.status. ##
## ---------------------- ##

This file was extended by RunDSAMSim config.status 2.1.9, which was
generated by GNU Autoconf 2.69.  Invocation command line was

  CONFIG_FILES    = 
  CONFIG_HEADERS  = 
  CONFIG_LINKS    = 
  CONFIG_COMMANDS = 
  $ ./config.status 

on luthien.home

config.status:1281: creating Makefile
config.status:1281: creating RunDSAMSim.spec
config.status:1281: creating CfgTools/Makefile
config.status:1281: creating debian/Makefile
config.status:1281: creating MSVC/Makefile
config.status:1281: creating MSVC/MatLib/Makefile
config.status:1281: creating MSVC/LibRunDSAMSim/Makefile
config.status:1281: creating MSVC/LibRunDSAMSimGen/Makefile
config.status:1281: creating Examples/Makefile
config.status:1281: creating src/MatLib/Makefile
config.status:1281: creating src/cpp/Makefile
config.status:1281: creating src/java/Makefile
config.status:1281: creating src/LibRunDSAMSim/Makefile
config.status:1281: creating src/LibRunDSAMSimGen/Makefile
config.status:1281: creating src/python/Makefile
config.status:1281: creating src/python/dsam/Makefile
config.status:1281: creating src/python/dsam/info.py
config.status:1281: creating RunDSAMSimSetup.h
config.status:1510: executing depfiles commands
config.status:1510: executing libtool commands

## ---------------- ##
## Cache variables. ##
## ---------------- ##

ac_cv_build=x86_64-unknown-linux-gnu
ac_cv_c_compiler_gnu=yes
ac_cv_c_const=yes
ac_cv_cxx_compiler_gnu=yes
ac_cv_env_CCC_set=
ac_cv_env_CCC_value=
ac_cv_env_CC_set=
ac_cv_env_CC_value=
ac_cv_env_CFLAGS_set=
ac_cv_env_CFLAGS_value=
ac_cv_env_CPPFLAGS_set=
ac_cv_env_CPPFLAGS_value=
ac_cv_env_CPP_set=
ac_cv_env_CPP_value=
ac_cv_env_CXXCPP_set=
ac_cv_env_CXXCPP_value=
ac_cv_env_CXXFLAGS_set=
ac_cv_env_CXXFLAGS_value=
ac_cv_env_CXX_set=
ac_cv_env_CXX_value=
ac_cv_env_LDFLAGS_set=
ac_cv_env_LDFLAGS_value=
ac_cv_env_LIBS_set=
ac_cv_env_LIBS_value=
ac_cv_env_LT_SYS_LIBRARY_PATH_set=
ac_cv_env_LT_SYS_LIBRARY_PATH_value=
ac_cv_env_PYTHON_set=
ac_cv_env_PYTHON_value=
ac_cv_env_build_alias_set=
ac_cv_env_build_alias_value=
ac_cv_env_host_alias_set=
ac_cv_env_host_alias_value=
ac_cv_env_target_alias_set=
ac_cv_env_target_alias_value=
ac_cv_func__doprnt=no
ac_cv_func_strstr=yes
ac_cv_func_vprintf=yes
ac_cv_header_dlfcn_h=yes
ac_cv_header_inttypes_h=yes
ac_cv_header_malloc_h=yes
ac_cv_header_memory_h=yes
ac_cv_header_stdc=yes
ac_cv_header_stdint_h=yes
ac_cv_header_stdlib_h=yes
ac_cv_header_string_h=yes
ac_cv_header_strings_h=yes
ac_cv_header_sys_stat_h=yes
ac_cv_header_sys_types_h=yes
ac_cv_header_unistd_h=yes
ac_cv_host=x86_64-unknown-linux-gnu
ac_cv_objext=o
ac_cv_path_EGREP='/usr/bin/grep -E'
ac_cv_path_FGREP='/usr/bin/grep -F'
ac_cv_path_GREP=/usr/bin/grep
ac_cv_path_JAVAH=/usr/bin/javah
ac_cv_path_PYTHON=/usr/bin/python
ac_cv_path_SED=/usr/bin/sed
ac_cv_path_install='/usr/bin/install -c'
ac_cv_path_lt_DD=/usr/bin/dd
ac_cv_path_mkdir=/usr/bin/mkdir
ac_cv_prog_AWK=gawk
ac_cv_prog_CPP='gcc -E'
ac_cv_prog_CXXCPP='g++ -E'
ac_cv_prog_JAR=jar
ac_cv_prog_ac_ct_AR=ar
ac_cv_prog_ac_ct_CC=gcc
ac_cv_prog_ac_ct_CXX=g++
ac_cv_prog_ac_ct_OBJDUMP=objdump
ac_cv_prog_ac_ct_RANLIB=ranlib
ac_cv_prog_ac_ct_STRIP=strip
ac_cv_prog_cc_c89=
ac_cv_prog_cc_g=yes
ac_cv_prog_cxx_g=yes
ac_cv_prog_make_make_set=yes
ac_cv_struct_tm=time.h
ac_cv_sys_long_file_names=yes
ac_cv_target=x86_64-unknown-linux-gnu
am_cv_CC_dependencies_compiler_type=gcc3
am_cv_CXX_dependencies_compiler_type=gcc3
am_cv_GCJ_dependencies_compiler_type=none
am_cv_make_support_nested_variables=yes
am_cv_pathless_PYTHON=python
am_cv_prog_cc_c_o=yes
am_cv_prog_cc_stdc=
am_cv_python_platform=linux2
am_cv_python_pyexecdir='${exec_prefix}/lib64/python2.7/site-packages'
am_cv_python_pythondir='${prefix}/lib/python2.7/site-packages'
am_cv_python_version=2.7
lt_cv_ar_at_file=@
lt_cv_archive_cmds_need_lc=no
lt_cv_deplibs_check_method=pass_all
lt_cv_file_magic_cmd='$MAGIC_CMD'
lt_cv_file_magic_test_file=
lt_cv_ld_reload_flag=-r
lt_cv_nm_interface='BSD nm'
lt_cv_objdir=.libs
lt_cv_path_LD=/usr/bin/ld
lt_cv_path_LDCXX='/usr/bin/ld -m elf_x86_64'
lt_cv_path_NM='/usr/bin/nm -B'
lt_cv_path_mainfest_tool=no
lt_cv_prog_compiler_c_o=yes
lt_cv_prog_compiler_c_o_CXX=yes
lt_cv_prog_compiler_c_o_GCJ=no
lt_cv_prog_compiler_pic='-fPIC -DPIC'
lt_cv_prog_compiler_pic_CXX='-fPIC -DPIC'
lt_cv_prog_compiler_pic_GCJ=-fPIC
lt_cv_prog_compiler_pic_works=yes
lt_cv_prog_compiler_pic_works_CXX=yes
lt_cv_prog_compiler_pic_works_GCJ=no
lt_cv_prog_compiler_rtti_exceptions=no
lt_cv_prog_compiler_static_works=no
lt_cv_prog_compiler_static_works_CXX=no
lt_cv_prog_compiler_static_works_GCJ=no
lt_cv_prog_gnu_ld=yes
lt_cv_prog_gnu_ldcxx=yes
lt_cv_sharedlib_from_linklib_cmd='printf %s\n'
lt_cv_shlibpath_overrides_runpath=no
lt_cv_sys_global_symbol_pipe='sed -n -e '\''s/^.*[	 ]\([ABCDGIRSTW][ABCDGIRSTW]*\)[	 ][	 ]*\([_A-Za-z][_A-Za-z0-9]*\)$/\1 \2 \2/p'\'' | sed '\''/ __gnu_lto/d'\'''
lt_cv_sys_global_symbol_to_c_name_address='sed -n -e '\''s/^: \(.*\) .*$/  {"\1", (void *) 0},/p'\'' -e '\''s/^[ABCDGIRSTW][ABCDGIRSTW]* .* \(.*\)$/  {"\1", (void *) \&\1},/p'\'''
lt_cv_sys_global_symbol_to_c_name_address_lib_prefix='sed -n -e '\''s/^: \(.*\) .*$/  {"\1", (void *) 0},/p'\'' -e '\''s/^[ABCDGIRSTW][ABCDGIRSTW]* .* \(lib.*\)$/  {"\1", (void *) \&\1},/p'\'' -e '\''s/^[ABCDGIRSTW][ABCDGIRSTW]* .* \(.*\)$/  {"lib\1", (void *) \&\1},/p'\'''
lt_cv_sys_global_symbol_to_cdecl='sed -n -e '\''s/^T .* \(.*\)$/extern int \1();/p'\'' -e '\''s/^[ABCDGIRSTW][ABCDGIRSTW]* .* \(.*\)$/extern char \1;/p'\'''
lt_cv_sys_global_symbol_to_import=
lt_cv_sys_max_cmd_len=1572864
lt_cv_to_host_file_cmd=func_convert_file_noop
lt_cv_to_tool_file_cmd=func_convert_file_noop
lt_cv_truncate_bin='/usr/bin/dd bs=4096 count=1'

## ----------------- ##
## Output variables. ##
## ----------------- ##

ACLOCAL='${SHELL} /home/lowel/git/dsam/Apps/RunDSAMSim/CfgTools/missing aclocal-1.15'
AMDEPBACKSLASH='\'
AMDEP_FALSE='#'
AMDEP_TRUE=''
AMTAR='$${TAR-tar}'
AM_BACKSLASH='\'
AM_DEFAULT_V='$(AM_DEFAULT_VERBOSITY)'
AM_DEFAULT_VERBOSITY='1'
AM_JAVACFLAGS='-target 1.5 -source 1.5'
AM_V='$(V)'
AR='ar'
AUTOCONF='${SHELL} /home/lowel/git/dsam/Apps/RunDSAMSim/CfgTools/missing autoconf'
AUTOHEADER='${SHELL} /home/lowel/git/dsam/Apps/RunDSAMSim/CfgTools/missing autoheader'
AUTOMAKE='${SHELL} /home/lowel/git/dsam/Apps/RunDSAMSim/CfgTools/missing automake-1.15'
AWK='gawk'
CC='gcc'
CCDEPMODE='depmode=gcc3'
CFLAGS='-g -O2'
CPP='gcc -E'
CPPFLAGS=''
CXX='g++'
CXXCPP='g++ -E'
CXXDEPMODE='depmode=gcc3'
CXXFLAGS='-g -O2'
CYGPATH_W='echo'
DEFS='-DHAVE_CONFIG_H'
DEPDIR='.deps'
DLLCOMPILE='mkoctfile --mex'
DLLDIR='octave/dsam'
DLLTOOL='false'
DSAMINC='-DHAVE_CONFIG_H -DDSAM_VERSION_INT=2008028 -DDSAM_USE_UNICODE=1 -DEXTENSIONS_SUPPORT=1  -I/home/lowel/git/dsam/DSAMSrc/Include -I/home/lowel/git/dsam/DSAMSrc/src/MainLib -I/home/lowel/git/dsam/DSAMSrc -I/home/lowel/git/dsam/DSAMSrc/src/MainLib -I/home/lowel/git/dsam/DSAMSrc/src/ExtLib -I/usr/lib64/wx/include/gtk2-unicode-release-2.8 -I/usr/include/wx-2.8 -D_FILE_OFFSET_BITS=64 -D_LARGE_FILES -D__WXGTK__ -DwxUSE_GUI=0 -lpthread'
DSAMLDFLAGS='-L/home/lowel/git/dsam/DSAMSrc/src/MainLib/.libs -L/home/lowel/git/dsam/DSAMSrc/src/GrLib/.libs -L/home/lowel/git/dsam/DSAMSrc/src/ExtLib/.libs -ldsam_ext -ldsam -lportaudio -lsndfile -lfftw3 -lm -lm -lpthread -lwx_baseu-2.8 -lwx_baseu_net-2.8 -lwx_baseu_xml-2.8'
DSAM_VERSION='2.8.28'
DSYMUTIL=''
DUMPBIN=''
ECHO_C=''
ECHO_N='-n'
ECHO_T=''
EGREP='/usr/bin/grep -E'
EXEEXT='.mex'
FGREP='/usr/bin/grep -F'
GCJ='gcj'
GCJDEPMODE='depmode=none'
GCJFLAGS='-g -O2'
GREP='/usr/bin/grep'
INSTALL_DATA='${INSTALL} -m 644'
INSTALL_PROGRAM='${INSTALL}'
INSTALL_SCRIPT='${INSTALL}'
INSTALL_STRIP_PROGRAM='$(install_sh) -c -s'
JAR='jar'
JAVAH='/usr/bin/javah'
JAVA_INC='-I/usr/lib/jvm/java-1.8.0-openjdk-1.8.0.72-4.b15.fc23.x86_64/include -I/usr/lib/jvm/java-1.8.0-openjdk-1.8.0.72-4.b15.fc23.x86_64/include/linux'
LD='/usr/bin/ld -m elf_x86_64'
LDFLAGS=''
LIBOBJS=''
LIBRUNDSAMSIM_FALSE='#'
LIBRUNDSAMSIM_TRUE=''
LIBS=''
LIBTOOL='$(SHELL) $(top_builddir)/libtool'
LIBTOOL_DEPS='CfgTools/ltmain.sh'
LIPO=''
LN_S='ln -s'
LTLIBOBJS=''
LT_SYS_LIBRARY_PATH=''
MAINT='#'
MAINTAINER_MODE_FALSE=''
MAINTAINER_MODE_TRUE='#'
MAKEINFO='${SHELL} /home/lowel/git/dsam/Apps/RunDSAMSim/CfgTools/missing makeinfo'
MANIFEST_TOOL=':'
MATLIB_DIR='../MatLib'
MAT_INC=' -fPIC -I/usr/include/octave-4.0.0/octave/.. -I/usr/include/octave-4.0.0/octave -pthread -fopenmp -O2 -g -pipe -Wall -Werror=format-security -Wp,-D_FORTIFY_SOURCE=2 -fexceptions -fstack-protector-strong --param=ssp-buffer-size=4 -grecord-gcc-switches -specs=/usr/lib/rpm/redhat/redhat-hardened-cc1 -m64 -mtune=generic'
MAT_LDFLAGS='   -L/usr/lib64/octave/4.0.0 -L/usr/lib64 -loctinterp -loctave  -Wl,-z,relro -specs=/usr/lib/rpm/redhat/redhat-hardened-ld -L/usr/lib64/atlas -ltatlas  -lfftw3_threads -lfftw3  -lfftw3f_threads -lfftw3f -lutil -lm   -L/usr/lib/gcc/x86_64-redhat-linux/5.3.1 -L/usr/lib/gcc/x86_64-redhat-linux/5.3.1/../../../../lib64 -L/lib/../lib64 -L/usr/lib/../lib64 -L/usr/lib/gcc/x86_64-redhat-linux/5.3.1/../../.. -lgfortran -lm -lquadmath -shared -Wl,-Bsymbolic'
MKDIR_P='/usr/bin/mkdir -p'
NM='/usr/bin/nm -B'
NMEDIT=''
OBJDUMP='objdump'
OBJEXT='o'
OTOOL64=''
OTOOL=''
PACKAGE='rundsamsim'
PACKAGE_BUGREPORT=''
PACKAGE_NAME='RunDSAMSim'
PACKAGE_STRING='RunDSAMSim 2.1.9'
PACKAGE_TARNAME='rundsamsim'
PACKAGE_URL=''
PACKAGE_VERSION='2.1.9'
PATH_SEPARATOR=':'
PYTHON='/usr/bin/python'
PYTHON_EXEC_PREFIX='${exec_prefix}'
PYTHON_PLATFORM='linux2'
PYTHON_PREFIX='${prefix}'
PYTHON_VERSION='2.7'
RANLIB='ranlib'
RNG_FILE='/usr/share/xml/docbook5/schema/rng/5.0/docbook.rng'
RPM_AGE='1'
RPM_RELEASE='.'
RUNDSAMSIM_PACKAGE='RunDSAMSim'
SED='/usr/bin/sed'
SET_MAKE=''
SHELL='/bin/sh'
SLIBDIR='/usr/local/lib'
STRIP='strip'
USE_JAVA_SUPPORT_FALSE='#'
USE_JAVA_SUPPORT_TRUE=''
USE_PYTHON_SUPPORT_FALSE=''
USE_PYTHON_SUPPORT_TRUE='#'
USE_RUNDSAMSIMGEN_FALSE='#'
USE_RUNDSAMSIMGEN_TRUE=''
USE_RUNDSAMSIM_FALSE='#'
USE_RUNDSAMSIM_TRUE=''
VERSION='2.1.9'
XSL_PREFIX='/usr/share/sgml/docbook/xsl-ns-stylesheets'
ac_ct_AR='ar'
ac_ct_CC='gcc'
ac_ct_CXX='g++'
ac_ct_DUMPBIN=''
ac_ct_GCJ=''
am__EXEEXT_FALSE='#'
am__EXEEXT_TRUE=''
am__fastdepCC_FALSE='#'
am__fastdepCC_TRUE=''
am__fastdepCXX_FALSE='#'
am__fastdepCXX_TRUE=''
am__fastdepGCJ_FALSE=''
am__fastdepGCJ_TRUE='#'
am__include='include'
am__isrc=''
am__leading_dot='.'
am__nodep='_no'
am__quote=''
am__tar='$${TAR-tar} chof - "$$tardir"'
am__untar='$${TAR-tar} xf -'
bindir='${exec_prefix}/bin'
build='x86_64-unknown-linux-gnu'
build_alias=''
build_cpu='x86_64'
build_os='linux-gnu'
build_vendor='unknown'
datadir='${datarootdir}'
datarootdir='${prefix}/share'
docdir='${datarootdir}/doc/${PACKAGE_TARNAME}'
dvidir='${docdir}'
exec_prefix='${prefix}'
host='x86_64-unknown-linux-gnu'
host_alias=''
host_cpu='x86_64'
host_os='linux-gnu'
host_vendor='unknown'
htmldir='${docdir}'
includedir='${prefix}/include'
infodir='${datarootdir}/info'
install_sh='${SHELL} /home/lowel/git/dsam/Apps/RunDSAMSim/CfgTools/install-sh'
libdir='${exec_prefix}/lib'
libexecdir='${exec_prefix}/libexec'
localedir='${datarootdir}/locale'
localstatedir='${prefix}/var'
mandir='${datarootdir}/man'
mkdir_p='$(MKDIR_P)'
oldincludedir='/usr/include'
pdfdir='${docdir}'
pkgpyexecdir='${pyexecdir}/rundsamsim'
pkgpythondir='${pythondir}/rundsamsim'
prefix='/usr/local'
program_transform_name='s,x,x,'
psdir='${docdir}'
pyexecdir='${exec_prefix}/lib64/python2.7/site-packages'
pythondir='${prefix}/lib/python2.7/site-packages'
sbindir='${exec_prefix}/sbin'
sharedstatedir='${prefix}/com'
sysconfdir='${prefix}/etc'
target='x86_64-unknown-linux-gnu'
target_alias=''
target_cpu='x86_64'
target_os='linux-gnu'
target_vendor='unknown'

## ----------- ##
## confdefs.h. ##
## ----------- ##

/* confdefs.h */
#define PACKAGE_NAME "RunDSAMSim"
#define PACKAGE_TARNAME "rundsamsim"
#define PACKAGE_VERSION "2.1.9"
#define PACKAGE_STRING "RunDSAMSim 2.1.9"
#define PACKAGE_BUGREPORT ""
#define PACKAGE_URL ""
#define RUNDSAMSIM_VERSION wxT("2.1.9")
#define RUNDSAMSIM_PACKAGE "RunDSAMSim"
#define PACKAGE "rundsamsim"
#define VERSION "2.1.9"
#define STDC_HEADERS 1
#define HAVE_SYS_TYPES_H 1
#define HAVE_SYS_STAT_H 1
#define HAVE_STDLIB_H 1
#define HAVE_STRING_H 1
#define HAVE_MEMORY_H 1
#define HAVE_STRINGS_H 1
#define HAVE_INTTYPES_H 1
#define HAVE_STDINT_H 1
#define HAVE_UNISTD_H 1
#define HAVE_DLFCN_H 1
#define LT_OBJDIR ".libs/"
#define HAVE_LONG_FILE_NAMES 1
#define STDC_HEADERS 1
#define HAVE_MALLOC_H 1
#define HAVE_VPRINTF 1
#define HAVE_STRSTR 1

configure: exit 0
